Arguments: 
  C:\Program Files\nodejs\node.exe C:\Program Files\nodejs\node_modules\yarn\bin\yarn.js add nodemailer bcryptsjs

PATH: 
  C:\Program Files\Eclipse Foundation\jdk-8.0.302.8-hotspot\bin;C:\Program Files\Eclipse Adoptium\jdk-17.0.2.8-hotspot\bin;C:\Windows\system32;C:\Windows;C:\Windows\System32\Wbem;C:\Windows\System32\WindowsPowerShell\v1.0\;C:\Windows\System32\OpenSSH\;C:\Program Files\Git\cmd;C:\Program Files\Go\bin;C:\Program Files\dotnet\;C:\Program Files\Microsoft SQL Server\130\Tools\Binn\;C:\Program Files\Microsoft SQL Server\Client SDK\ODBC\170\Tools\Binn\;C:\Program Files\NVIDIA Corporation\NVIDIA NvDLISR;C:\Program Files\Microsoft SQL Server\120\Tools\Binn\;C:\Program Files\Microsoft SQL Server\Client SDK\ODBC\110\Tools\Binn\;C:\Program Files (x86)\Microsoft SQL Server\120\Tools\Binn\;C:\Program Files\Microsoft SQL Server\120\DTS\Binn\;C:\Program Files (x86)\Microsoft SQL Server\120\Tools\Binn\ManagementStudio\;C:\Program Files (x86)\Microsoft SQL Server\120\DTS\Binn\;C:\Program Files (x86)\dotnet\;C:\Users\Takodachi\AppData\Roaming\nvm;C:\Program Files\nodejs;C:\Program Files\Docker\Docker\resources\bin;C:\ProgramData\DockerDesktop\version-bin;C:\Program Files\PuTTY\;C:\Program Files\MongoDB\Tools\100\bin;;C:\Program Files (x86)\NVIDIA Corporation\PhysX\Common;C:\Users\Takodachi\AppData\Local\Programs\Python\Python310\Scripts\;C:\Users\Takodachi\AppData\Local\Programs\Python\Python310\;C:\Users\Takodachi\AppData\Local\Programs\Eclipse Adoptium\jdk-17.0.1.12-hotspot\bin;C:\Users\Takodachi\AppData\Local\Microsoft\WindowsApps;C:\Users\Takodachi\AppData\Local\Programs\Microsoft VS Code\bin;C:\Users\Takodachi\AppData\Local\GitHubDesktop\bin;C:\Users\Takodachi\go\bin;C:\Users\Takodachi\.dotnet\tools;C:\Users\Takodachi\AppData\Roaming\nvm;C:\Program Files\nodejs

Yarn version: 
  1.22.19

Node version: 
  14.18.1

Platform: 
  win32 x64

Trace: 
  Error: https://registry.yarnpkg.com/bcryptsjs: Not found
      at Request.params.callback [as _callback] (C:\Users\Takodachi\AppData\Roaming\nvm\v14.18.1\node_modules\yarn\lib\cli.js:66145:18)
      at Request.self.callback (C:\Users\Takodachi\AppData\Roaming\nvm\v14.18.1\node_modules\yarn\lib\cli.js:140890:22)
      at Request.emit (events.js:400:28)
      at Request.<anonymous> (C:\Users\Takodachi\AppData\Roaming\nvm\v14.18.1\node_modules\yarn\lib\cli.js:141862:10)
      at Request.emit (events.js:400:28)
      at IncomingMessage.<anonymous> (C:\Users\Takodachi\AppData\Roaming\nvm\v14.18.1\node_modules\yarn\lib\cli.js:141784:12)
      at Object.onceWrapper (events.js:519:28)
      at IncomingMessage.emit (events.js:412:35)
      at endReadableNT (internal/streams/readable.js:1334:12)
      at processTicksAndRejections (internal/process/task_queues.js:82:21)

npm manifest: 
  {
    "dependencies": {
      "redis": "^4.5.1"
    }
  }

yarn manifest: 
  No manifest

Lockfile: 
  # THIS IS AN AUTOGENERATED FILE. DO NOT EDIT THIS FILE DIRECTLY.
  # yarn lockfile v1
  
  
  "@redis/bloom@1.1.0":
    version "1.1.0"
    resolved "https://registry.yarnpkg.com/@redis/bloom/-/bloom-1.1.0.tgz#64e310ddee72010676e14296076329e594a1f6c7"
    integrity sha512-9QovlxmpRtvxVbN0UBcv8WfdSMudNZZTFqCsnBszcQXqaZb/TVe30ScgGEO7u1EAIacTPAo7/oCYjYAxiHLanQ==
  
  "@redis/client@1.4.2":
    version "1.4.2"
    resolved "https://registry.yarnpkg.com/@redis/client/-/client-1.4.2.tgz#2a3f5e98bc33b7b979390442e6e08f96e57fabdd"
    integrity sha512-oUdEjE0I7JS5AyaAjkD3aOXn9NhO7XKyPyXEyrgFDu++VrVBHUPnV6dgEya9TcMuj5nIJRuCzCm8ZP+c9zCHPw==
    dependencies:
      cluster-key-slot "1.1.1"
      generic-pool "3.9.0"
      yallist "4.0.0"
  
  "@redis/graph@1.1.0":
    version "1.1.0"
    resolved "https://registry.yarnpkg.com/@redis/graph/-/graph-1.1.0.tgz#cc2b82e5141a29ada2cce7d267a6b74baa6dd519"
    integrity sha512-16yZWngxyXPd+MJxeSr0dqh2AIOi8j9yXKcKCwVaKDbH3HTuETpDVPcLujhFYVPtYrngSco31BUcSa9TH31Gqg==
  
  "@redis/json@1.0.4":
    version "1.0.4"
    resolved "https://registry.yarnpkg.com/@redis/json/-/json-1.0.4.tgz#f372b5f93324e6ffb7f16aadcbcb4e5c3d39bda1"
    integrity sha512-LUZE2Gdrhg0Rx7AN+cZkb1e6HjoSKaeeW8rYnt89Tly13GBI5eP4CwDVr+MY8BAYfCg4/N15OUrtLoona9uSgw==
  
  "@redis/search@1.1.0":
    version "1.1.0"
    resolved "https://registry.yarnpkg.com/@redis/search/-/search-1.1.0.tgz#7abb18d431f27ceafe6bcb4dd83a3fa67e9ab4df"
    integrity sha512-NyFZEVnxIJEybpy+YskjgOJRNsfTYqaPbK/Buv6W2kmFNaRk85JiqjJZA5QkRmWvGbyQYwoO5QfDi2wHskKrQQ==
  
  "@redis/time-series@1.0.4":
    version "1.0.4"
    resolved "https://registry.yarnpkg.com/@redis/time-series/-/time-series-1.0.4.tgz#af85eb080f6934580e4d3b58046026b6c2b18717"
    integrity sha512-ThUIgo2U/g7cCuZavucQTQzA9g9JbDDY2f64u3AbAoz/8vE2lt2U37LamDUVChhaDA3IRT9R6VvJwqnUfTJzng==
  
  cluster-key-slot@1.1.1:
    version "1.1.1"
    resolved "https://registry.yarnpkg.com/cluster-key-slot/-/cluster-key-slot-1.1.1.tgz#10ccb9ded0729464b6d2e7d714b100a2d1259d43"
    integrity sha512-rwHwUfXL40Chm1r08yrhU3qpUvdVlgkKNeyeGPOxnW8/SyVDvgRaed/Uz54AqWNaTCAThlj6QAs3TZcKI0xDEw==
  
  generic-pool@3.9.0:
    version "3.9.0"
    resolved "https://registry.yarnpkg.com/generic-pool/-/generic-pool-3.9.0.tgz#36f4a678e963f4fdb8707eab050823abc4e8f5e4"
    integrity sha512-hymDOu5B53XvN4QT9dBmZxPX4CWhBPPLguTZ9MMFeFa/Kg0xWVfylOVNlJji/E7yTZWFd/q9GO5TxDLq156D7g==
  
  redis@^4.5.1:
    version "4.5.1"
    resolved "https://registry.yarnpkg.com/redis/-/redis-4.5.1.tgz#f5a818970bb2dc5d60540bab41308640604c7d33"
    integrity sha512-oxXSoIqMJCQVBTfxP6BNTCtDMyh9G6Vi5wjdPdV/sRKkufyZslDqCScSGcOr6XGR/reAWZefz7E4leM31RgdBA==
    dependencies:
      "@redis/bloom" "1.1.0"
      "@redis/client" "1.4.2"
      "@redis/graph" "1.1.0"
      "@redis/json" "1.0.4"
      "@redis/search" "1.1.0"
      "@redis/time-series" "1.0.4"
  
  yallist@4.0.0:
    version "4.0.0"
    resolved "https://registry.yarnpkg.com/yallist/-/yallist-4.0.0.tgz#9bb92790d9c0effec63be73519e11a35019a3a72"
    integrity sha512-3wdGidZyq5PB084XLES5TpOSRA3wjXAlIWMhum2kRcv/41Sn2emQ0dycQW4uZXLejwKvg6EsvbdlVL+FYEct7A==
